<?xml version="1.0" encoding="UTF-8"?>
<testng-results ignored="0" total="2" passed="2" failed="0" skipped="0">
  <reporter-output>
  </reporter-output>
  <suite started-at="2023-02-15T22:47:27 EST" name="Default suite" finished-at="2023-02-15T22:47:45 EST" duration-ms="18544">
    <groups>
    </groups>
    <test started-at="2023-02-15T22:47:27 EST" name="Default test" finished-at="2023-02-15T22:47:45 EST" duration-ms="18544">
      <class name="Selenium.AutoPractices.nextgenAutoPract">
        <test-method is-config="true" signature="browserLaunch()[pri:0, instance:Selenium.AutoPractices.nextgenAutoPract@5890e879]" started-at="2023-02-15T22:47:27 EST" name="browserLaunch" finished-at="2023-02-15T22:47:42 EST" duration-ms="15070" status="PASS">
          <reporter-output>
          </reporter-output>
        </test-method> <!-- browserLaunch -->
        <test-method signature="excercise2()[pri:0, instance:Selenium.AutoPractices.nextgenAutoPract@5890e879]" started-at="2023-02-15T22:47:42 EST" name="excercise2" finished-at="2023-02-15T22:47:44 EST" duration-ms="1770" status="PASS">
          <reporter-output>
          </reporter-output>
        </test-method> <!-- excercise2 -->
        <test-method signature="excersise1()[pri:0, instance:Selenium.AutoPractices.nextgenAutoPract@5890e879]" started-at="2023-02-15T22:47:44 EST" name="excersise1" finished-at="2023-02-15T22:47:45 EST" duration-ms="1273" status="PASS">
          <reporter-output>
          </reporter-output>
        </test-method> <!-- excersise1 -->
        <test-method is-config="true" signature="tearDown()[pri:0, instance:Selenium.AutoPractices.nextgenAutoPract@5890e879]" started-at="2023-02-15T22:47:45 EST" name="tearDown" finished-at="2023-02-15T22:47:45 EST" duration-ms="327" status="PASS">
          <reporter-output>
          </reporter-output>
        </test-method> <!-- tearDown -->
      </class> <!-- Selenium.AutoPractices.nextgenAutoPract -->
    </test> <!-- Default test -->
  </suite> <!-- Default suite -->
</testng-results>
